#
# There is insufficient memory for the Java Runtime Environment to continue.
# Native memory allocation (mmap) failed to map 65536 bytes for Failed to commit metaspace.
# Possible reasons:
#   The system is out of physical RAM or swap space
#   The process is running with CompressedOops enabled, and the Java Heap may be blocking the growth of the native heap
# Possible solutions:
#   Reduce memory load on the system
#   Increase physical memory or swap space
#   Check if swap backing store is full
#   Decrease Java heap size (-Xmx/-Xms)
#   Decrease number of Java threads
#   Decrease Java thread stack sizes (-Xss)
#   Set larger code cache with -XX:ReservedCodeCacheSize=
#   JVM is running with Unscaled Compressed Oops mode in which the Java heap is
#     placed in the first 4GB address space. The Java Heap base address is the
#     maximum limit for the native heap growth. Please use -XX:HeapBaseMinAddress
#     to set the Java Heap base and to place the Java Heap above 4GB virtual address.
# This output file may be truncated or incomplete.
#
#  Out of Memory Error (virtualSpaceNode.cpp:110), pid=2392, tid=6356
#
# JRE version: OpenJDK Runtime Environment Temurin-17.0.10+7 (17.0.10+7) (build 17.0.10+7)
# Java VM: OpenJDK 64-Bit Server VM Temurin-17.0.10+7 (17.0.10+7, mixed mode, tiered, compressed oops, compressed class ptrs, parallel gc, windows-amd64)
# No core dump will be written. Minidumps are not enabled by default on client versions of Windows
#

---------------  S U M M A R Y ------------

Command Line: --add-modules=ALL-SYSTEM --add-opens=java.base/java.util=ALL-UNNAMED --add-opens=java.base/java.lang=ALL-UNNAMED --add-opens=java.base/sun.nio.fs=ALL-UNNAMED -Declipse.application=org.eclipse.jdt.ls.core.id1 -Dosgi.bundles.defaultStartLevel=4 -Declipse.product=org.eclipse.jdt.ls.core.product -Djava.import.generatesMetadataFilesAtProjectRoot=false -DDetectVMInstallationsJob.disabled=true -Dfile.encoding=utf8 -XX:+UseParallelGC -XX:GCTimeRatio=4 -XX:AdaptiveSizePolicyWeight=90 -Dsun.zip.disableMemoryMapping=true -Xmx1G -Xms100m -Xlog:disable -javaagent:c:\Users\Shaikh\.vscode\extensions\redhat.java-1.28.1-win32-x64\lombok\lombok-1.18.31.jar c:\Users\Shaikh\.vscode\extensions\redhat.java-1.28.1-win32-x64\server\plugins\org.eclipse.equinox.launcher_1.6.700.v20231214-2017.jar -configuration c:\Users\Shaikh\AppData\Roaming\Code\User\globalStorage\redhat.java\1.28.1\config_ss_win -data c:\Users\Shaikh\AppData\Roaming\Code\User\workspaceStorage\3c784cdbc5adcbe0191d313caf74da95\redhat.java\ss_ws --stdio

Host: Intel(R) Core(TM) i7-6600U CPU @ 2.60GHz, 4 cores, 7G,  Windows 10 , 64 bit Build 19041 (10.0.19041.3636)
Time: Sat Mar 23 13:38:27 2024 India Standard Time elapsed time: 0.847383 seconds (0d 0h 0m 0s)

---------------  T H R E A D  ---------------

Current thread (0x000002859e3206f0):  JavaThread "main" [_thread_in_vm, id=6356, stack(0x000000ea07400000,0x000000ea07500000)]

Stack: [0x000000ea07400000,0x000000ea07500000]
Native frames: (J=compiled Java code, j=interpreted, Vv=VM code, C=native code)
V  [jvm.dll+0x67d2c9]
V  [jvm.dll+0x834afa]
V  [jvm.dll+0x8365be]
V  [jvm.dll+0x836c23]
V  [jvm.dll+0x2477ff]
V  [jvm.dll+0x8307bb]
V  [jvm.dll+0x621d16]
V  [jvm.dll+0x1c183e]
V  [jvm.dll+0x624671]
V  [jvm.dll+0x6226b6]
V  [jvm.dll+0x36eaa2]
V  [jvm.dll+0x1e34bb]
V  [jvm.dll+0x5427f7]
V  [jvm.dll+0x7aed0d]
V  [jvm.dll+0x7aec6a]
V  [jvm.dll+0x410f8e]
V  [jvm.dll+0x42470c]
C  [java.dll+0x1657]

Java frames: (J=compiled Java code, j=interpreted, Vv=VM code)
j  java.lang.ClassLoader.defineClass0(Ljava/lang/ClassLoader;Ljava/lang/Class;Ljava/lang/String;[BIILjava/security/ProtectionDomain;ZILjava/lang/Object;)Ljava/lang/Class;+0 java.base@17.0.10
j  java.lang.System$2.defineClass(Ljava/lang/ClassLoader;Ljava/lang/Class;Ljava/lang/String;[BLjava/security/ProtectionDomain;ZILjava/lang/Object;)Ljava/lang/Class;+17 java.base@17.0.10
j  java.lang.invoke.MethodHandles$Lookup$ClassDefiner.defineClass(ZLjava/lang/Object;)Ljava/lang/Class;+54 java.base@17.0.10
j  java.lang.invoke.MethodHandles$Lookup$ClassDefiner.defineClassAsLookup(Z)Ljava/lang/invoke/MethodHandles$Lookup;+3 java.base@17.0.10
j  java.lang.invoke.MethodHandles$Lookup.defineHiddenClass([BZ[Ljava/lang/invoke/MethodHandles$Lookup$ClassOption;)Ljava/lang/invoke/MethodHandles$Lookup;+65 java.base@17.0.10
j  java.lang.invoke.InnerClassLambdaMetafactory.generateInnerClass()Ljava/lang/Class;+579 java.base@17.0.10
j  java.lang.invoke.InnerClassLambdaMetafactory.spinInnerClass()Ljava/lang/Class;+114 java.base@17.0.10
j  java.lang.invoke.InnerClassLambdaMetafactory.buildCallSite()Ljava/lang/invoke/CallSite;+1 java.base@17.0.10
j  java.lang.invoke.LambdaMetafactory.metafactory(Ljava/lang/invoke/MethodHandles$Lookup;Ljava/lang/String;Ljava/lang/invoke/MethodType;Ljava/lang/invoke/MethodType;Ljava/lang/invoke/MethodHandle;Ljava/lang/invoke/MethodType;)Ljava/lang/invoke/CallSite;+67 java.base@17.0.10
j  java.lang.invoke.DirectMethodHandle$Holder.invokeStatic(Ljava/lang/Object;Ljava/lang/Object;Ljava/lang/Object;Ljava/lang/Object;Ljava/lang/Object;Ljava/lang/Object;Ljava/lang/Object;)Ljava/lang/Object;+20 java.base@17.0.10
j  java.lang.invoke.Invokers$Holder.invokeExact_MT(Ljava/lang/Object;Ljava/lang/Object;Ljava/lang/Object;Ljava/lang/Object;Ljava/lang/Object;Ljava/lang/Object;Ljava/lang/Object;Ljava/lang/Object;)Ljava/lang/Object;+28 java.base@17.0.10
j  java.lang.invoke.BootstrapMethodInvoker.invoke(Ljava/lang/Class;Ljava/lang/invoke/MethodHandle;Ljava/lang/String;Ljava/lang/Object;Ljava/lang/Object;Ljava/lang/Class;)Ljava/lang/Object;+319 java.base@17.0.10
j  java.lang.invoke.CallSite.makeSite(Ljava/lang/invoke/MethodHandle;Ljava/lang/String;Ljava/lang/invoke/MethodType;Ljava/lang/Object;Ljava/lang/Class;)Ljava/lang/invoke/CallSite;+8 java.base@17.0.10
j  java.lang.invoke.MethodHandleNatives.linkCallSiteImpl(Ljava/lang/Class;Ljava/lang/invoke/MethodHandle;Ljava/lang/String;Ljava/lang/invoke/MethodType;Ljava/lang/Object;[Ljava/lang/Object;)Ljava/lang/invoke/MemberName;+6 java.base@17.0.10
j  java.lang.invoke.MethodHandleNatives.linkCallSite(Ljava/lang/Object;ILjava/lang/Object;Ljava/lang/Object;Ljava/lang/Object;Ljava/lang/Object;[Ljava/lang/Object;)Ljava/lang/invoke/MemberName;+46 java.base@17.0.10
v  ~StubRoutines::call_stub
j  jdk.internal.module.ModuleBootstrap.boot2()Ljava/lang/ModuleLayer;+779 java.base@17.0.10
j  jdk.internal.module.ModuleBootstrap.boot()Ljava/lang/ModuleLayer;+64 java.base@17.0.10
j  java.lang.System.initPhase2(ZZ)I+0 java.base@17.0.10
v  ~StubRoutines::call_stub

---------------  P R O C E S S  ---------------

Threads class SMR info:
_java_thread_list=0x00000285b92bdde0, length=11, elements={
0x000002859e3206f0, 0x00000285b4072740, 0x00000285b4074e00, 0x00000285b409b040,
0x00000285b409bdd0, 0x00000285b409e970, 0x00000285b40a0650, 0x00000285b40a1300,
0x00000285b40cea30, 0x00000285b924a8d0, 0x00000285b9370850
}

Java Threads: ( => current thread )
=>0x000002859e3206f0 JavaThread "main" [_thread_in_vm, id=6356, stack(0x000000ea07400000,0x000000ea07500000)]
  0x00000285b4072740 JavaThread "Reference Handler" daemon [_thread_blocked, id=864, stack(0x000000ea07700000,0x000000ea07800000)]
  0x00000285b4074e00 JavaThread "Finalizer" daemon [_thread_blocked, id=15280, stack(0x000000ea07800000,0x000000ea07900000)]
  0x00000285b409b040 JavaThread "Signal Dispatcher" daemon [_thread_blocked, id=13632, stack(0x000000ea07900000,0x000000ea07a00000)]
  0x00000285b409bdd0 JavaThread "Attach Listener" daemon [_thread_blocked, id=2412, stack(0x000000ea07a00000,0x000000ea07b00000)]
  0x00000285b409e970 JavaThread "Service Thread" daemon [_thread_blocked, id=7364, stack(0x000000ea07b00000,0x000000ea07c00000)]
  0x00000285b40a0650 JavaThread "Monitor Deflation Thread" daemon [_thread_blocked, id=904, stack(0x000000ea07c00000,0x000000ea07d00000)]
  0x00000285b40a1300 JavaThread "C2 CompilerThread0" daemon [_thread_blocked, id=15412, stack(0x000000ea07d00000,0x000000ea07e00000)]
  0x00000285b40cea30 JavaThread "C1 CompilerThread0" daemon [_thread_blocked, id=5524, stack(0x000000ea07e00000,0x000000ea07f00000)]
  0x00000285b924a8d0 JavaThread "Sweeper thread" daemon [_thread_blocked, id=5632, stack(0x000000ea07f00000,0x000000ea08000000)]
  0x00000285b9370850 JavaThread "Common-Cleaner" daemon [_thread_blocked, id=8532, stack(0x000000ea08000000,0x000000ea08100000)]

Other Threads:
  0x00000285b405d2b0 VMThread "VM Thread" [stack: 0x000000ea07600000,0x000000ea07700000] [id=3012]
  0x000002859e337460 GCTaskThread "GC Thread#0" [stack: 0x000000ea07500000,0x000000ea07600000] [id=10084]

Threads with active compile tasks:

VM state: not at safepoint (normal execution)

VM Mutex/Monitor currently owned by a thread:  ([mutex/lock_event])
[0x000002859e31ba40] Metaspace_lock - owner thread: 0x000002859e3206f0

Heap address: 0x00000000c0000000, size: 1024 MB, Compressed Oops mode: 32-bit

CDS archive(s) not mapped
Compressed class space mapped at: 0x0000000100000000-0x0000000140000000, reserved size: 1073741824
Narrow klass base: 0x0000000000000000, Narrow klass shift: 3, Narrow klass range: 0x140000000

GC Precious Log:
 CPUs: 4 total, 4 available
 Memory: 8047M
 Large Page Support: Disabled
 NUMA Support: Disabled
 Compressed Oops: Enabled (32-bit)
 Alignments: Space 512K, Generation 512K, Heap 2M
 Heap Min Capacity: 100M
 Heap Initial Capacity: 100M
 Heap Max Capacity: 1G
 Pre-touch: Disabled
 Parallel Workers: 4

Heap:
 PSYoungGen      total 29696K, used 2048K [0x00000000eab00000, 0x00000000ecc00000, 0x0000000100000000)
  eden space 25600K, 8% used [0x00000000eab00000,0x00000000ead00220,0x00000000ec400000)
  from space 4096K, 0% used [0x00000000ec800000,0x00000000ec800000,0x00000000ecc00000)
  to   space 4096K, 0% used [0x00000000ec400000,0x00000000ec400000,0x00000000ec800000)
 ParOldGen       total 68608K, used 0K [0x00000000c0000000, 0x00000000c4300000, 0x00000000eab00000)
  object space 68608K, 0% used [0x00000000c0000000,0x00000000c0000000,0x00000000c4300000)
 Metaspace       used 4216K, committed 4352K, reserved 1114112K
  class space    used 384K, committed 448K, reserved 1048576K

Card table byte_map: [0x00000285b1960000,0x00000285b1b70000] _byte_map_base: 0x00000285b1360000

Marking Bits: (ParMarkBitMap*) 0x00007ffbf19ed7d0
 Begin Bits: [0x00000285b1cd0000, 0x00000285b2cd0000)
 End Bits:   [0x00000285b2cd0000, 0x00000285b3cd0000)

Polling page: 0x000002859e160000

Metaspace:

Usage:
  Non-class:      3.74 MB used.
      Class:    384.14 KB used.
       Both:      4.12 MB used.

Virtual space:
  Non-class space:       64.00 MB reserved,       3.81 MB (  6%) committed,  1 nodes.
      Class space:        1.00 GB reserved,     448.00 KB ( <1%) committed,  1 nodes.
             Both:        1.06 GB reserved,       4.25 MB ( <1%) committed. 

Chunk freelists:
   Non-Class:  12.00 MB
       Class:  15.56 MB
        Both:  27.56 MB

MaxMetaspaceSize: unlimited
CompressedClassSpaceSize: 1.00 GB
Initial GC threshold: 21.00 MB
Current GC threshold: 21.00 MB
CDS: off
MetaspaceReclaimPolicy: balanced
 - commit_granule_bytes: 65536.
 - commit_granule_words: 8192.
 - virtual_space_node_default_size: 8388608.
 - enlarge_chunks_in_place: 1.
 - new_chunks_are_fully_committed: 0.
 - uncommit_free_chunks: 1.
 - use_allocation_guard: 0.
 - handle_deallocations: 1.


Internal statistics:

num_allocs_failed_limit: 0.
num_arena_births: 4.
num_arena_deaths: 0.
num_vsnodes_births: 2.
num_vsnodes_deaths: 0.
num_space_committed: 68.
num_space_uncommitted: 0.
num_chunks_returned_to_freelist: 0.
num_chunks_taken_from_freelist: 6.
num_chunk_merges: 0.
num_chunk_splits: 3.
num_chunks_enlarged: 1.
num_inconsistent_stats: 0.

CodeHeap 'non-profiled nmethods': size=120000Kb used=28Kb max_used=28Kb free=119972Kb
 bounds [0x00000285aa250000, 0x00000285aa4c0000, 0x00000285b1780000]
CodeHeap 'profiled nmethods': size=120000Kb used=98Kb max_used=98Kb free=119901Kb
 bounds [0x00000285a2780000, 0x00000285a29f0000, 0x00000285a9cb0000]
CodeHeap 'non-nmethods': size=5760Kb used=1066Kb max_used=1066Kb free=4693Kb
 bounds [0x00000285a9cb0000, 0x00000285a9f20000, 0x00000285aa250000]
 total_blobs=427 nmethods=91 adapters=251
 compilation: enabled
              stopped_count=0, restarted_count=0
 full_count=0

Compilation events (20 events):
Event: 0.839 Thread 0x00000285b40cea30 nmethod 81 0x00000285aa256410 code [0x00000285aa2565a0, 0x00000285aa256678]
Event: 0.839 Thread 0x00000285b40cea30   82       3       java.lang.invoke.MethodType::makeImpl (109 bytes)
Event: 0.841 Thread 0x00000285b40cea30 nmethod 82 0x00000285a2794c10 code [0x00000285a2794ea0, 0x00000285a2795af8]
Event: 0.841 Thread 0x00000285b40cea30   83       3       java.lang.invoke.MethodType::<init> (15 bytes)
Event: 0.841 Thread 0x00000285b40cea30 nmethod 83 0x00000285a2795f90 code [0x00000285a2796120, 0x00000285a27962b8]
Event: 0.841 Thread 0x00000285b40cea30   84       3       java.lang.invoke.MethodType$ConcurrentWeakInternSet::get (47 bytes)
Event: 0.842 Thread 0x00000285b40cea30 nmethod 84 0x00000285a2796390 code [0x00000285a27965c0, 0x00000285a2796eb8]
Event: 0.842 Thread 0x00000285b40cea30   85       1       java.util.stream.FindOps$FindSink::cancellationRequested (5 bytes)
Event: 0.842 Thread 0x00000285b40cea30 nmethod 85 0x00000285aa256710 code [0x00000285aa2568a0, 0x00000285aa256978]
Event: 0.842 Thread 0x00000285b40cea30   86       1       java.util.Spliterators$IteratorSpliterator::characteristics (5 bytes)
Event: 0.842 Thread 0x00000285b40cea30 nmethod 86 0x00000285aa256a10 code [0x00000285aa256ba0, 0x00000285aa256c78]
Event: 0.842 Thread 0x00000285b40cea30   87       3       java.lang.invoke.MethodType::parameterCount (6 bytes)
Event: 0.842 Thread 0x00000285b40cea30 nmethod 87 0x00000285a2797290 code [0x00000285a2797420, 0x00000285a2797538]
Event: 0.843 Thread 0x00000285b40cea30   88       3       java.lang.invoke.MethodType::parameterType (7 bytes)
Event: 0.843 Thread 0x00000285b40cea30 nmethod 88 0x00000285a2797610 code [0x00000285a27977a0, 0x00000285a27978d8]
Event: 0.843 Thread 0x00000285b40cea30   89       3       jdk.internal.org.objectweb.asm.SymbolTable::addConstantUtf8 (98 bytes)
Event: 0.844 Thread 0x00000285b40cea30 nmethod 89 0x00000285a2797990 code [0x00000285a2797bc0, 0x00000285a27981b8]
Event: 0.844 Thread 0x00000285b40cea30   90       1       java.lang.invoke.MethodHandle::type (5 bytes)
Event: 0.844 Thread 0x00000285b40cea30 nmethod 90 0x00000285aa256d10 code [0x00000285aa256ea0, 0x00000285aa256f78]
Event: 0.845 Thread 0x00000285b40cea30   91       3       jdk.internal.org.objectweb.asm.ClassReader::readUnsignedShort (26 bytes)

GC Heap History (0 events):
No events

Dll operation events (1 events):
Event: 0.160 Loaded shared library c:\Users\Shaikh\.vscode\extensions\redhat.java-1.28.1-win32-x64\jre\17.0.10-win32-x86_64\bin\java.dll

Deoptimization events (0 events):
No events

Classes unloaded (0 events):
No events

Classes redefined (0 events):
No events

Internal exceptions (0 events):
No events

VM Operations (0 events):
No events

Events (20 events):
Event: 0.834 loading class java/util/stream/Sink done
Event: 0.834 loading class java/util/stream/TerminalSink done
Event: 0.834 loading class java/util/stream/ReduceOps$AccumulatingSink done
Event: 0.834 loading class java/util/stream/ReduceOps$Box
Event: 0.835 loading class java/util/stream/ReduceOps$Box done
Event: 0.835 loading class java/util/stream/ReduceOps$3ReducingSink done
Event: 0.835 loading class java/util/stream/ReferencePipeline$3$1
Event: 0.835 loading class java/util/stream/Sink$ChainedReference
Event: 0.835 loading class java/util/stream/Sink$ChainedReference done
Event: 0.835 loading class java/util/stream/ReferencePipeline$3$1 done
Event: 0.835 loading class java/util/stream/ReferencePipeline$2$1
Event: 0.835 loading class java/util/stream/ReferencePipeline$2$1 done
Event: 0.836 loading class java/util/stream/FindOps
Event: 0.837 loading class java/util/stream/FindOps done
Event: 0.837 loading class java/util/stream/FindOps$FindSink$OfRef
Event: 0.837 loading class java/util/stream/FindOps$FindSink
Event: 0.837 loading class java/util/stream/FindOps$FindSink done
Event: 0.837 loading class java/util/stream/FindOps$FindSink$OfRef done
Event: 0.837 loading class java/util/stream/FindOps$FindOp
Event: 0.837 loading class java/util/stream/FindOps$FindOp done


Dynamic libraries:
0x00007ff7fdcd0000 - 0x00007ff7fdcde000 	c:\Users\Shaikh\.vscode\extensions\redhat.java-1.28.1-win32-x64\jre\17.0.10-win32-x86_64\bin\java.exe
0x00007ffc2c9f0000 - 0x00007ffc2cbe8000 	C:\WINDOWS\SYSTEM32\ntdll.dll
0x00007ffc2c580000 - 0x00007ffc2c63d000 	C:\WINDOWS\System32\KERNEL32.DLL
0x00007ffc2a230000 - 0x00007ffc2a526000 	C:\WINDOWS\System32\KERNELBASE.dll
0x00007ffc2a650000 - 0x00007ffc2a750000 	C:\WINDOWS\System32\ucrtbase.dll
0x00007ffc22d10000 - 0x00007ffc22d27000 	c:\Users\Shaikh\.vscode\extensions\redhat.java-1.28.1-win32-x64\jre\17.0.10-win32-x86_64\bin\jli.dll
0x00007ffc2c090000 - 0x00007ffc2c22e000 	C:\WINDOWS\System32\USER32.dll
0x00007ffc2a620000 - 0x00007ffc2a642000 	C:\WINDOWS\System32\win32u.dll
0x00007ffc2b940000 - 0x00007ffc2b96b000 	C:\WINDOWS\System32\GDI32.dll
0x00007ffc2a110000 - 0x00007ffc2a227000 	C:\WINDOWS\System32\gdi32full.dll
0x00007ffc2a530000 - 0x00007ffc2a5cd000 	C:\WINDOWS\System32\msvcp_win.dll
0x00007ffc22bd0000 - 0x00007ffc22beb000 	c:\Users\Shaikh\.vscode\extensions\redhat.java-1.28.1-win32-x64\jre\17.0.10-win32-x86_64\bin\VCRUNTIME140.dll
0x00007ffc0f5f0000 - 0x00007ffc0f88a000 	C:\WINDOWS\WinSxS\amd64_microsoft.windows.common-controls_6595b64144ccf1df_6.0.19041.3636_none_60b6a03d71f818d5\COMCTL32.dll
0x00007ffc2aa80000 - 0x00007ffc2ab1e000 	C:\WINDOWS\System32\msvcrt.dll
0x00007ffc2ab20000 - 0x00007ffc2ab52000 	C:\WINDOWS\System32\IMM32.DLL
0x00007ffc23810000 - 0x00007ffc2381c000 	c:\Users\Shaikh\.vscode\extensions\redhat.java-1.28.1-win32-x64\jre\17.0.10-win32-x86_64\bin\vcruntime140_1.dll
0x00007ffbfa1b0000 - 0x00007ffbfa23d000 	c:\Users\Shaikh\.vscode\extensions\redhat.java-1.28.1-win32-x64\jre\17.0.10-win32-x86_64\bin\msvcp140.dll
0x00007ffbf0e50000 - 0x00007ffbf1ab2000 	c:\Users\Shaikh\.vscode\extensions\redhat.java-1.28.1-win32-x64\jre\17.0.10-win32-x86_64\bin\server\jvm.dll
0x00007ffc2be00000 - 0x00007ffc2beb0000 	C:\WINDOWS\System32\ADVAPI32.dll
0x00007ffc2bff0000 - 0x00007ffc2c090000 	C:\WINDOWS\System32\sechost.dll
0x00007ffc2b400000 - 0x00007ffc2b525000 	C:\WINDOWS\System32\RPCRT4.dll
0x00007ffc2a9f0000 - 0x00007ffc2aa17000 	C:\WINDOWS\System32\bcrypt.dll
0x00007ffc29640000 - 0x00007ffc2968b000 	C:\WINDOWS\SYSTEM32\POWRPROF.dll
0x00007ffc24d60000 - 0x00007ffc24d69000 	C:\WINDOWS\SYSTEM32\WSOCK32.dll
0x00007ffc2b8d0000 - 0x00007ffc2b93b000 	C:\WINDOWS\System32\WS2_32.dll
0x00007ffc237a0000 - 0x00007ffc237c7000 	C:\WINDOWS\SYSTEM32\WINMM.dll
0x00007ffc21690000 - 0x00007ffc2169a000 	C:\WINDOWS\SYSTEM32\VERSION.dll
0x00007ffc294b0000 - 0x00007ffc294c2000 	C:\WINDOWS\SYSTEM32\UMPDC.dll
0x00007ffc28910000 - 0x00007ffc28922000 	C:\WINDOWS\SYSTEM32\kernel.appcore.dll
0x00007ffc23580000 - 0x00007ffc2358a000 	c:\Users\Shaikh\.vscode\extensions\redhat.java-1.28.1-win32-x64\jre\17.0.10-win32-x86_64\bin\jimage.dll
0x00007ffc221b0000 - 0x00007ffc22394000 	C:\WINDOWS\SYSTEM32\DBGHELP.DLL
0x00007ffc223f0000 - 0x00007ffc22424000 	C:\WINDOWS\SYSTEM32\dbgcore.DLL
0x00007ffc2a960000 - 0x00007ffc2a9e2000 	C:\WINDOWS\System32\bcryptPrimitives.dll
0x00007ffc22460000 - 0x00007ffc2246e000 	c:\Users\Shaikh\.vscode\extensions\redhat.java-1.28.1-win32-x64\jre\17.0.10-win32-x86_64\bin\instrument.dll
0x00007ffc1e7a0000 - 0x00007ffc1e7c5000 	c:\Users\Shaikh\.vscode\extensions\redhat.java-1.28.1-win32-x64\jre\17.0.10-win32-x86_64\bin\java.dll
0x00007ffc21860000 - 0x00007ffc21878000 	c:\Users\Shaikh\.vscode\extensions\redhat.java-1.28.1-win32-x64\jre\17.0.10-win32-x86_64\bin\zip.dll
0x00007ffc2ab60000 - 0x00007ffc2b2cb000 	C:\WINDOWS\System32\SHELL32.dll
0x00007ffc28100000 - 0x00007ffc2889e000 	C:\WINDOWS\SYSTEM32\windows.storage.dll
0x00007ffc2c650000 - 0x00007ffc2c9a3000 	C:\WINDOWS\System32\combase.dll
0x00007ffc29ad0000 - 0x00007ffc29afe000 	C:\WINDOWS\SYSTEM32\Wldp.dll
0x00007ffc2b330000 - 0x00007ffc2b3fd000 	C:\WINDOWS\System32\OLEAUT32.dll
0x00007ffc2bf40000 - 0x00007ffc2bfed000 	C:\WINDOWS\System32\SHCORE.dll
0x00007ffc2b530000 - 0x00007ffc2b585000 	C:\WINDOWS\System32\shlwapi.dll
0x00007ffc29fd0000 - 0x00007ffc29ff5000 	C:\WINDOWS\SYSTEM32\profapi.dll

dbghelp: loaded successfully - version: 4.0.5 - missing functions: none
symbol engine: initialized successfully - sym options: 0x614 - pdb path: .;c:\Users\Shaikh\.vscode\extensions\redhat.java-1.28.1-win32-x64\jre\17.0.10-win32-x86_64\bin;C:\WINDOWS\SYSTEM32;C:\WINDOWS\WinSxS\amd64_microsoft.windows.common-controls_6595b64144ccf1df_6.0.19041.3636_none_60b6a03d71f818d5;c:\Users\Shaikh\.vscode\extensions\redhat.java-1.28.1-win32-x64\jre\17.0.10-win32-x86_64\bin\server

VM Arguments:
jvm_args: --add-modules=ALL-SYSTEM --add-opens=java.base/java.util=ALL-UNNAMED --add-opens=java.base/java.lang=ALL-UNNAMED --add-opens=java.base/sun.nio.fs=ALL-UNNAMED -Declipse.application=org.eclipse.jdt.ls.core.id1 -Dosgi.bundles.defaultStartLevel=4 -Declipse.product=org.eclipse.jdt.ls.core.product -Djava.import.generatesMetadataFilesAtProjectRoot=false -DDetectVMInstallationsJob.disabled=true -Dfile.encoding=utf8 -XX:+UseParallelGC -XX:GCTimeRatio=4 -XX:AdaptiveSizePolicyWeight=90 -Dsun.zip.disableMemoryMapping=true -Xmx1G -Xms100m -Xlog:disable -javaagent:c:\Users\Shaikh\.vscode\extensions\redhat.java-1.28.1-win32-x64\lombok\lombok-1.18.31.jar 
java_command: c:\Users\Shaikh\.vscode\extensions\redhat.java-1.28.1-win32-x64\server\plugins\org.eclipse.equinox.launcher_1.6.700.v20231214-2017.jar -configuration c:\Users\Shaikh\AppData\Roaming\Code\User\globalStorage\redhat.java\1.28.1\config_ss_win -data c:\Users\Shaikh\AppData\Roaming\Code\User\workspaceStorage\3c784cdbc5adcbe0191d313caf74da95\redhat.java\ss_ws --stdio
java_class_path (initial): c:\Users\Shaikh\.vscode\extensions\redhat.java-1.28.1-win32-x64\server\plugins\org.eclipse.equinox.launcher_1.6.700.v20231214-2017.jar
Launcher Type: SUN_STANDARD

[Global flags]
    uintx AdaptiveSizePolicyWeight                 = 90                                        {product} {command line}
     intx CICompilerCount                          = 3                                         {product} {ergonomic}
    uintx GCTimeRatio                              = 4                                         {product} {command line}
   size_t InitialHeapSize                          = 104857600                                 {product} {command line}
   size_t MaxHeapSize                              = 1073741824                                {product} {command line}
   size_t MaxNewSize                               = 357564416                                 {product} {ergonomic}
   size_t MinHeapDeltaBytes                        = 524288                                    {product} {ergonomic}
   size_t MinHeapSize                              = 104857600                                 {product} {command line}
   size_t NewSize                                  = 34603008                                  {product} {ergonomic}
    uintx NonNMethodCodeHeapSize                   = 5832780                                {pd product} {ergonomic}
    uintx NonProfiledCodeHeapSize                  = 122912730                              {pd product} {ergonomic}
   size_t OldSize                                  = 70254592                                  {product} {ergonomic}
    uintx ProfiledCodeHeapSize                     = 122912730                              {pd product} {ergonomic}
    uintx ReservedCodeCacheSize                    = 251658240                              {pd product} {ergonomic}
     bool SegmentedCodeCache                       = true                                      {product} {ergonomic}
   size_t SoftMaxHeapSize                          = 1073741824                             {manageable} {ergonomic}
     bool UseCompressedClassPointers               = true                           {product lp64_product} {ergonomic}
     bool UseCompressedOops                        = true                           {product lp64_product} {ergonomic}
     bool UseLargePagesIndividualAllocation        = false                                  {pd product} {ergonomic}
     bool UseParallelGC                            = true                                      {product} {command line}

Logging:
Log output configuration:
 #0: stdout all=off uptime,level,tags
 #1: stderr all=off uptime,level,tags

Environment Variables:
JAVA_HOME=C:\Users\Shaikh\AppData\Local\Programs\Eclipse Adoptium\jdk-17.0.10.7-hotspot\
PATH=C:\Program Files\Common Files\Oracle\Java\javapath;C:\Program Files (x86)\VMware\VMware Workstation\bin\;C:\WINDOWS\system32;C:\WINDOWS;C:\WINDOWS\System32\Wbem;C:\WINDOWS\System32\WindowsPowerShell\v1.0\;C:\WINDOWS\System32\OpenSSH\;C:\Program Files\nodejs\;C:\Program Files\nodejs\node_modules\npm\bin;C:\Program Files\Git\cmd;C:\Program Files\MySQL\MySQL Shell 8.0\bin\;C:\Users\Shaikh\AppData\Local\Programs\Eclipse Adoptium\jdk-17.0.10.7-hotspot\bin;C:\Users\Shaikh\AppData\Local\Microsoft\WindowsApps;;C:\Users\Shaikh\AppData\Roaming\npm;C:\Users\Shaikh\AppData\Local\Programs\Microsoft VS Code\bin
USERNAME=Shaikh
OS=Windows_NT
PROCESSOR_IDENTIFIER=Intel64 Family 6 Model 78 Stepping 3, GenuineIntel
TMP=C:\Users\Shaikh\AppData\Local\Temp
TEMP=C:\Users\Shaikh\AppData\Local\Temp



Periodic native trim disabled


---------------  S Y S T E M  ---------------

OS:
 Windows 10 , 64 bit Build 19041 (10.0.19041.3636)
OS uptime: 5 days 3:52 hours

CPU: total 4 (initial active 4) (2 cores per cpu, 2 threads per core) family 6 model 78 stepping 3 microcode 0xcc, cx8, cmov, fxsr, ht, mmx, 3dnowpref, sse, sse2, sse3, ssse3, sse4.1, sse4.2, popcnt, lzcnt, tsc, tscinvbit, avx, avx2, aes, erms, clmul, bmi1, bmi2, rtm, adx, fma, vzeroupper, clflush, clflushopt
Processor Information for all 4 processors :
  Max Mhz: 2808, Current Mhz: 802, Mhz Limit: 786

Memory: 4k page, system-wide physical 8047M (216M free)
TotalPageFile size 15370M (AvailPageFile size 10M)
current process WorkingSet (physical memory assigned to process): 27M, peak: 27M
current process commit charge ("private bytes"): 170M, peak: 170M

vm_info: OpenJDK 64-Bit Server VM (17.0.10+7) for windows-amd64 JRE (17.0.10+7), built on Jan 16 2024 23:25:11 by "admin" with MS VC++ 16.10 / 16.11 (VS2019)

END.
